0 0 -1
0 0 1
-1.79814 -0.718821 1.5
-1.19391 -2.55569 2.01073
-2.40181 -3.51015 0.734027
-0.0774292 -3.53026 3.35374
-0.334001 1.86364 0.355578
0.0527239 -5.00899 2.01342
-3.08263 -5.19001 1.57934
-2.58373 -5.97942 -0.189259
1.87108 0.634231 -0.688882
-0.847789 -6.73719 -0.831346
-3.66414 -6.02854 3.29943
-0.632844 2.28778 2.28711
-5.43017 -5.13234 3.02026
0.193912 1.44769 -2.36623
-1.60362 3.40699 0.433922
-4.33637 -7.13625 1.77592
0.848685 0.466305 -3.98121
-0.791208 3.17647 -2.56836
-1.98046 2.5592 -4.05317
-1.75036 4.62739 -1.58101
0.348166 1.55516 -5.58242
-0.550148 3.861 -4.5626
-3.38876 -7.8021 -0.361831
-3.21156 5.60746 -0.630029
-0.329071 5.97718 -1.97852
-1.99371 -8.11323 -1.76077
-0.152426 -8.584 -0.506119
0.771457 0.911447 -7.42808
1.14805 4.40611 -5.46758
-0.430226 -8.74911 -2.83369
-3.46205 -8.80296 -2.9305
-1.53079 5.519 -5.10057
-1.96716 6.6156 -3.48594
2.53383 5.5809 -4.63123
-4.17672 -5.85323 5.22467
0.952893 6.73461 -4.21943
2.09938 7.19593 -2.64693
-2.13763 6.06245 -6.92715
-4.01971 -8.29026 -4.78149
3.0052 5.56771 -6.57485
-3.87377 -4.35663 6.51634
-4.6201 -8.99684 1.09938
-1.78481 -10.1804 -2.49219
1.62636 5.19356 -7.97444
4.85949 5.20554 -5.91878
-2.99675 7.67552 -6.11478
-5.85539 -4.99122 5.88725
-5.9308 -8.52202 2.53347
-4.4881 -10.3432 -0.373723
-3.44933 -6.59164 6.93512
1.80942 7.47756 -5.86698
-0.875409 7.59559 -7.16441
-2.65895 -11.1165 -0.136783
-2.43318 -11.0055 1.84733
-7.79872 -8.37838 3.23365
-1.74664 -7.26915 7.73627
-4.13547 -5.66409 8.56879
-7.63571 -8.1928 5.21834
-4.4428 -12.183 0.409104
1.01885 8.87422 -2.77267
-2.88987 -4.7989 9.87261
-9.69359 -8.20214 3.84878
-4.91759 -4.54257 10.0284
0.0353624 8.33937 -5.53529
-3.25641 -12.7038 2.50904
-6.88736 -4.59403 9.68582
6.54115 4.94471 -4.86806
-3.49506 9.10256 -4.80512
-1.83908 -8.69889 9.13172
-0.875914 9.60528 -4.28346
-9.7321 -9.99685 2.96701
-3.81385 -8.66363 9.44646
-6.09376 -13.2388 0.00951038
-5.06218 -13.5487 2.34961
-1.00092 -7.89899 10.762
3.98192 5.08783 -8.25287
-6.99825 -6.39671 10.5449
-3.15466 -14.0283 4.00418
-2.62821 -7.28975 11.7523
-3.28093 10.0299 -3.04605
-3.53897 -10.617 9.77628
-8.65971 -7.44498 10.1698
3.80117 7.56139 -5.70598
2.30251 7.07166 -7.84962
2.75851 9.85943 -2.71837
2.47041 10.524 -0.854147
5.12613 6.90816 -7.05424
-4.86795 -14.7504 -0.451371
-2.89955 11.4801 -1.7227
-9.95715 -8.19433 8.84501
-4.08146 -8.66364 11.7748
-3.49875 -15.4585 0.82296
-0.947232 -9.6373 11.7496
5.96114 5.35246 -8.14026
-6.0532 -8.41668 12.0012
-1.65746 9.39007 -7.57461
-2.07618 10.5804 -6.02289
-1.43016 -7.31447 13.3536
-1.66738 -16.0483 1.36913
-7.97622 -8.75112 11.5214
-0.363297 -5.92183 14.314
1.17531 8.64216 -8.36241
-3.84718 11.4909 -4.28894
-3.32497 -7.39537 13.9885
1.37866 -6.87174 14.0624
2.4109 7.13069 -9.84581
2.26185 11.6045 -3.55984
3.06758 9.18229 -8.00525
-1.09298 12.0653 -5.11283
0.461222 -11.0493 11.9
2.31749 -8.50355 13.3873
-2.59755 -16.5952 3.05309
-5.08405 -16.6165 0.440926
-1.89478 -16.6113 4.92549
1.30035 10.4125 -7.44027
4.21613 11.3802 -3.92111
0.619004 12.7362 -3.70196
7.58772 5.67299 -9.25896
8.62531 4.00465 -9.63318
-4.17648 -16.5549 4.28001
-0.346473 -8.13627 14.8199
-1.61266 -5.87327 15.875
1.97552 13.262 -2.32956
0.457428 12.1076 -6.79517
-4.32321 -17.2123 2.25226
1.87031 7.8899 -11.6154
-3.55541 13.4656 -4.41255
-2.46111 -16.3671 6.82803
2.41319 12.3613 -6.46253
4.09108 9.83736 -9.59376
3.6724 13.2662 -4.30498
-0.81304 -17.4431 3.36397
0.650328 -6.70255 15.9174
1.94232 -10.325 14.1232
-2.60851 -18.0463 1.64871
3.91839 -10.0231 14.0595
-4.94495 13.1293 -5.81116
2.52942 -6.19216 16.3741
-1.706 -9.11781 15.91
4.61408 13.634 -2.57929
4.70203 12.6351 -5.89919
-4.92949 -17.2871 5.98203
-5.5417 -16.6314 7.76956
5.99597 11.5267 -6.94669
-2.5344 -7.1453 17.1129
-5.76938 -18.2078 -0.558033
1.55892 -8.26918 16.766
-1.23408 -19.1484 0.701949
-5.08803 -18.9008 1.50138
-2.76661 -18.1685 7.64137
0.628907 14.6654 -3.17442
-4.46399 -7.14647 17.6389
4.14305 8.90887 -11.3644
1.11057 13.881 -6.14075
-4.02165 15.0316 -3.25918
-0.608316 14.9776 -4.71451
-1.57118 -19.3825 -1.25549
0.546028 -19.5711 -0.105887
3.73371 -11.5705 15.3131
-2.64829 14.5638 -5.81654
-1.46173 -10.9388 16.7001
3.00569 11.294 -10.4305
1.93568 -12.4146 15.5468
-7.01399 -18.9033 -1.96063
7.94685 11.2924 -7.31982
-6.55412 13.6508 -6.87827
0.461466 -20.1442 1.80838
0.114986 16.1768 -1.96965
-3.33648 -6.11732 18.931
7.8824 12.6701 -5.87138
2.41617 15.232 -5.455
-7.6031 -19.1577 -0.0663338
-6.76472 -18.0924 8.37745
1.88749 -20.2746 3.20462
2.2252 -20.3906 -0.81923
4.82471 14.6391 -5.19236
-3.75887 16.4933 -1.91963
4.01901 14.4656 -7.01466
-3.36939 -18.7112 9.46954
-4.90221 15.8345 -4.86541
3.87617 -20.1528 3.03036
4.96221 -13.1483 15.3493
-8.39826 -18.637 7.3601
2.9894 -11.9657 17.1864
-6.48127 -20.5568 -0.969468
-5.06955 -7.2659 19.5413
6.13082 13.4084 -7.6108
-8.82515 -19.7449 -2.06792
-7.78231 13.3798 -8.4333
2.98005 -13.9387 16.3128
5.08845 10.1584 -12.6073
-0.955403 -11.5703 18.529
6.93445 14.4153 -5.63574
-1.1792 17.5149 -1.23847
0.323878 -21.7447 2.99973
-0.968097 -22.0212 1.49827
-6.09655 -8.97375 19.3724
-3.01188 16.479 -5.36941
4.17351 9.35599 -14.1945
1.35752 17.3905 -2.9612
3.43273 -21.3614 -2.08394
-0.532323 -21.9785 4.79202
-4.66293 16.0131 -6.84301
-6.88502 -20.0634 8.69469
9.14427 12.7259 -8.03479
-2.72626 17.5945 -3.73412
0.168896 -22.4019 -0.102456
-8.22195 -20.7082 -3.71357
3.52742 16.8309 -4.99795
6.37594 9.64638 -14.0496
-5.05882 -5.82697 20.9303
10.8093 11.7751 -8.60361
-6.64085 -21.6321 -2.64822
-9.20327 14.7145 -7.98669
2.33456 -15.831 16.2621
9.83871 11.5552 -10.3384
4.94268 -14.7042 16.6058
-5.44195 -21.3433 8.1661
-3.36336 18.4589 -2.04684
5.48175 16.8516 -5.42246
8.39366 11.9672 -11.6583
-6.66256 -7.01266 20.7812
1.32694 -22.8704 -1.66432
-7.77479 -22.0798 -1.05463
-3.88568 18.9209 -0.172339
4.1637 -22.2017 -3.74512
-2.21134 -12.5313 19.7534
2.08241 18.1934 -4.76266
-9.93584 -21.2292 -2.82408
-2.91287 17.6938 -6.95511
-5.86659 18.9132 0.103216
-6.15857 -20.8579 10.3803
2.1058 19.095 -2.22991
8.4329 11.0602 -13.4404
-8.73411 -20.5595 9.27327
-8.50228 -6.30894 21.128
-7.90816 -21.7415 -5.39698
-1.56084 19.2186 -3.79629
-9.83471 -21.0742 7.6846
4.19903 -16.5417 16.8717
7.03505 12.5991 -12.9831
-11.5521 -20.2197 8.25075
-3.34643 18.9267 -5.09075
-1.62909 -11.3907 21.2896
-7.75124 19.0753 0.752758
1.85488 -16.1983 18.1687
10.2962 14.1773 -8.7877
-8.29979 -21.3928 -7.32702
2.01327 -17.7737 16.9468
-5.26421 -23.2866 7.72752
-4.3434 19.9976 1.44978
-8.19782 -20.8047 -9.2359
-8.49258 -22.4511 8.23495
-3.40283 -12.2903 21.5006
11.0685 14.7318 -7.02813
12.7312 13.6215 -6.97679
3.84584 19.7888 -1.5292
-6.21279 -22.8387 9.43037
-9.21231 -5.05265 22.5128
-9.98413 15.8777 -9.41401
-10.6784 -22.2416 -4.38087
3.65793 19.0989 -5.598
-9.55931 -23.1891 -2.95537
-12.3057 -21.6455 7.06791
10.5587 13.5021 -10.6519
-7.44082 19.9134 -1.03644
-12.2228 -22.2442 5.1614
10.7737 16.2911 -5.81089
-2.67509 20.6582 -2.96798
-6.1278 20.6893 2.03071
-8.09538 -3.74566 23.5347
13.9719 12.851 -8.34315
-7.57523 -20.8169 -11.1365
-6.28201 -22.6209 11.4173
-5.99788 20.9064 0.003088
8.23555 14.1974 -12.9166
-10.7787 -22.1077 9.11318
-9.436 20.0521 -1.04197
10.0534 11.965 -14.1855
-9.95843 -3.06459 23.2793
-5.75618 -21.6371 -11.2724
-8.74362 -23.4407 -6.04096
0.950936 -18.3135 18.5531
-9.52352 16.5442 -11.2426
-6.81445 -5.03479 24.3698
-3.83035 20.84 -5.41545
3.2083 21.5174 -0.751042
-2.42903 20.7413 -6.83903
-1.02006 -18.6526 18.5384
-1.85498 -17.3884 19.8441
-3.779 -16.9722 20.1976
5.18853 21.2385 -0.781249
15.1324 13.7811 -7.00592
12.3727 16.1675 -7.51569
-1.5652 22.259 -2.5143
13.5963 14.015 -9.92557
10.9147 17.5091 -7.78831
-5.36911 21.1918 -6.64364
-9.12449 21.6649 0.0989467
-6.91084 -24.3899 7.99451
-2.73926 22.4452 -4.1227
7.88521 14.9386 -14.7409
-4.62412 -23.7193 11.2049
7.51312 13.6829 -16.2525
-4.81534 22.3968 -4.63679
-5.31025 -23.1183 -10.0046
-8.97462 -20.6593 -12.5567
-3.24821 23.1651 -1.92571
-2.54003 21.5269 -8.67496
15.472 13.3979 -10.2435
13.9478 17.0861 -6.69401
-10.5202 -5.92683 23.7478
-0.524952 23.7198 -1.62903
-8.36338 -19.7687 -14.24
0.393886 23.534 -3.39575
-9.84384 -24.6748 -1.64706
-9.79194 -21.6952 -11.0537
-10.9108 -20.2075 -12.7735
-4.28649 -24.9182 9.64013
-4.00072 -15.6932 21.7192
17.1292 12.5533 -9.5082
-9.57865 -23.7953 -7.82338
-8.7597 -24.5566 8.7388
-2.66693 -14.6759 22.8082
-6.43349 -3.89387 25.9676
-4.31674 -18.8523 19.7779
4.95528 23.1826 -0.37325
-0.633712 22.125 -8.76541
-9.66377 -23.9777 10.4262
-4.97118 -2.70225 26.6322
-10.6216 -22.9879 -9.77288
-6.99874 -23.8086 -10.8247
-9.03316 23.0303 1.55756
3.66088 23.8 1.02077
1.89335 -19.9757 19.1438
1.27907 22.4566 -8.28438
-12.433 -6.05198 24.3186
-0.272191 -19.3674 20.25
0.895817 23.557 -5.33161
1.52873 24.2685 -1.92173
-3.12041 -2.6154 27.3853
-7.40572 -25.5283 9.84451
-9.00623 -26.4153 -2.16586
-8.73201 -22.8594 -12.2871
-11.6987 -21.9003 -12.0568
7.16801 16.5708 -15.6474
3.2663 22.4363 -8.50916
-3.92422 24.1611 -4.33165
2.1908 22.1378 -10.1688
-12.5244 -22.6602 -10.2948
-8.44864 -25.1798 -8.7213
-2.1626 24.8076 -2.2776
6.38271 18.268 -14.9383
-4.56488 24.0405 -6.22242
-1.94935 -20.3678 19.8185
-9.20288 -20.7049 -15.7952
-0.163375 24.0607 -6.95161
-5.6492 -26.1319 10.5863
4.7239 18.2912 -16.0553
-10.9865 -26.3676 -2.44228
18.9847 12.9408 -8.87035
2.3702 24.6753 -4.57294
-7.44685 -5.27779 26.9962
-10.3088 -25.8136 8.59622
-4.385 -17.3351 22.7946
-4.751 23.7799 -8.19662
-8.18399 -27.3249 -3.74589
-3.26857 -21.7232 19.1683
-1.04911 -18.9654 22.0486
-6.37361 -27.8674 -4.4003
-8.07029 -22.3267 -15.5003
3.05675 18.1123 -17.1456
-9.82586 -24.4402 -11.7352
-1.86855 -22.9351 18.4125
-3.21676 -18.9239 22.4613
-11.032 -26.9536 7.1206
-13.4914 -22.6914 -12.4573
1.84961 -21.8311 19.8891
-2.14032 24.3224 -7.10434
3.30206 24.2228 -6.28377
5.45271 19.9471 -14.3765
-1.21317 25.0982 -5.51107
-4.63648 -27.7947 10.1283
-7.58472 -26.8016 -9.51081
-2.2449 -3.72737 28.7985
7.06993 16.7914 -17.6328
-8.34524 -6.94135 27.6485
-11.8338 -23.4945 -13.2569
-12.763 -24.3402 -11.3535
1.20392 18.5827 -17.7337
18.4091 13.8817 -10.5388
-2.51463 -5.70906 28.7848
-4.8186 -22.0317 20.3939
-1.6711 -21.217 21.6078
-15.4028 -22.8138 -11.8812
-9.97751 -21.6181 -17.3971
0.375704 17.4853 -19.1861
-0.154615 -22.2254 20.7811
-9.77887 -28.5063 7.25806
-7.12048 -28.3392 -8.31901
-7.35394 -24.0874 -16.1221
-9.46305 -5.37857 28.2038
-5.50403 25.3282 -4.70855
-7.75426 -22.8392 -17.6327
0.94683 23.4618 -11.0052
-6.84059 -29.2658 -6.56884
-13.7361 -23.2085 -14.3737
5.00545 18.029 -18.018
1.49392 16.5013 -20.5208
-3.29493 26.031 -4.00357
-6.29879 -28.8061 10.5908
4.68456 16.9053 -19.6411
-5.39334 -29.3237 -8.10049
-3.58303 -20.8707 22.7365
6.47538 19.0585 -16.7731
-9.07483 -28.7298 -8.15128
-0.156179 20.0394 -17.5652
-11.4436 -24.7201 -14.7885
0.0248194 23.3399 -12.7758
-6.32662 24.9959 -8.39383
-10.6027 -21.4315 -19.2877
-3.76541 -2.74893 29.6533
-3.06408 -22.6418 21.4353
-14.5248 -22.4906 -16.0657
4.46185 21.0206 -15.7424
3.92411 25.8788 -4.94307
2.70885 20.9825 -16.7045
-0.752655 21.6475 -16.5365
-4.73256 -1.00066 29.7441
0.0125293 -21.4253 22.6671
-7.77404 -28.6493 11.9321
8.28314 17.0443 -19.2026
5.02309 22.3291 -14.3378
5.09322 23.3885 -12.6428
-10.9406 -28.5085 -8.83689
-8.97492 -21.6895 -20.4208
-5.20884 26.2497 -7.3082
0.581517 -20.0276 23.9797
-6.0749 -30.8455 -5.61041
-11.2879 -20.4734 -20.9041
5.32526 16.527 -21.4976
7.35338 18.7421 -18.6996
-3.74462 -24.1935 20.3726
3.9519 15.7629 -22.7345
1.09954 20.3702 -19.0863
-1.15013 23.309 -15.4966
-10.0305 -3.67027 29.0754
5.01412 19.5398 -19.3286
-7.01751 25.6824 -10.1407
1.25859 24.9075 -12.9191
-7.95674 -29.6177 -9.60976
-15.4032 -24.247 -14.7512
-8.73603 25.1631 -11.0223
0.240859 25.8586 -11.4839
-4.10279 -30.8513 -8.06983
-1.14011 25.4038 -12.8573
-10.7318 -25.6426 -16.414
-16.5333 -23.0925 -15.9302
-8.14893 -3.91905 29.7061
-5.21507 -22.4736 22.3038
-7.48577 -28.5769 13.9099
-7.24463 -2.20324 30.1943
-16.4843 -25.1681 -13.343
-7.35416 -30.4597 10.2014
-3.39342 -5.66471 30.5808
-6.36089 -30.8193 -9.51227
7.00146 23.7953 -13.0824
-3.72454 27.5541 -6.99947
-6.81907 -31.296 8.46517
-9.85337 -30.0182 -10.1022
-2.32412 -2.42812 31.0023
6.66326 16.0285 -22.898
6.70512 24.9363 -11.4667
-4.12389 28.1637 -5.13696
-10.4014 -29.2336 -11.8584
-6.87525 -31.7619 -7.19776
-4.72621 -32.2377 -6.77008
-12.0241 -29.493 -10.7183
3.22592 15.6249 -24.593
0.255674 24.9447 -14.649
-3.91185 -31.5989 -9.91499
-5.41501 28.4238 -3.63181
-2.65479 -25.8689 20.299
8.89137 18.4776 -20.4578
7.37585 20.7326 -18.8935
2.0361 -21.3544 24.3317
-18.4246 -25.4438 -12.944
-2.05773 25.0709 -15.2279
-3.38622 -21.564 24.6022
5.15794 16.0904 -24.3681
-2.23908 28.7982 -4.92482
-13.9904 -29.1381 -10.8077
-1.42056 -21.9126 24.4811
-4.63504 -26.1418 20.3634
2.04279 26.7203 -11.5867
5.97587 14.6062 -25.4302
5.41797 13.1103 -26.6348
-0.946522 29.2514 -3.46746
-9.29792 25.9623 -12.7675
-19.7487 -24.356 -13.9752
-8.2092 -30.3712 12.8518
-3.11252 -24.0359 22.8685
-1.79622 -27.3831 19.314
-13.4368 -29.1059 -12.7293
0.877918 29.2986 -2.64938
-11.1781 -4.63445 30.3995
-0.960772 -20.6993 26.0031
5.14931 21.345 -20.1788
5.96366 25.7792 -13.1219
-0.579391 25.164 -16.5718
0.569333 29.7914 -0.735741
-17.1735 -26.0684 -14.9905
1.30526 26.7162 -13.7716
0.502315 29.6223 -4.79538
-12.3648 -6.20902 30.0642
-7.80878 27.2136 -12.3019
-8.82147 -31.5418 -10.8857
-10.6444 -7.0834 30.5894
-3.62924 29.5935 -6.44511
-2.26709 -6.63298 31.9202
-3.85581 -33.7329 -5.76666
-1.20308 -1.47286 32.3554
9.15807 21.6358 -18.9829
-4.735 30.211 -3.04571
-0.537844 27.1128 -14.4392
-14.086 -5.19113 30.0243
-7.78381 -2.61102 32.0766
-4.62741 -23.1319 24.6376
-2.51149 27.3436 -14.2123
0.992834 26.2906 -16.0629
-8.36892 -4.52316 32.037
4.35378 16.4281 -26.1679
-5.95299 -33.0477 8.89124
-6.78321 -33.5813 -6.37235
-13.9125 -30.8434 -9.76568
0.924117 -21.1323 26.5128
-7.44214 -32.7851 10.2002
-10.9942 26.4284 -13.7191
-11.414 25.4955 -15.4377
7.01347 21.8979 -20.6471
-15.513 -3.79674 30.1634
-7.27234 -32.1487 -11.9956
-15.6927 -29.6916 -11.6998
-3.9907 -34.0552 -7.73597
-12.274 26.9595 -12.2769
-19.3051 -27.2392 -12.9808
-2.4874 30.7614 -4.63452
6.45856 16.4096 -26.1479
-0.247862 31.0516 -2.9464
-0.663817 -29.0153 19.0822
-1.1587 30.7262 -6.12903
-2.51045 -21.7701 26.6755
5.12012 13.4435 -28.5843
-19.1442 -26.3838 -15.1205
-2.32491 -2.81991 33.3183
-12.7432 -30.3473 -14.1357
10.968 21.4412 -19.8115
4.6882 22.9136 -21.3308
-0.657518 -7.23733 32.942
-9.57049 -7.1869 32.2736
-14.1408 26.6796 -12.9376
3.80795 24.2754 -20.16
-20.9593 -25.2834 -15.2693
-4.89773 -28.043 20.9264
-2.00054 -28.074 21.1798
-5.85405 -34.4134 -8.36819
-4.02733 -27.1215 22.4734
-14.4074 -31.1694 -12.105
-11.848 25.2732 -17.3774
-8.72664 -1.25967 33.2102
-7.81068 28.261 -14.0058
-6.46968 29.0999 -12.7818
-2.49601 -29.7022 19.496
-14.1145 -4.31417 31.8216
-22.5145 -24.2309 -15.9574
2.23369 28.1916 -14.7519
-4.26478 31.4446 -6.03339
-5.98826 28.5355 -14.7826
-4.90414 -23.0447 26.6165
-7.39544 -34.4479 9.08987
-0.898642 -5.54839 33.9857
-9.69188 28.5718 -13.402
-1.13009 -0.868517 34.2606
10.3312 23.2448 -19.17
-7.36341 -2.67842 34.0308
-15.2652 -32.2532 -9.33804
-13.4913 28.3878 -11.5855
4.27823 16.3381 -28.1645
-12.1261 27.5344 -14.9421
0.82808 28.3452 -16.1665
-15.7014 27.6443 -12.1412
3.84053 29.1216 -14.0079
3.54172 15.0876 -29.5407
-6.5244 -35.0961 7.41018
-0.120359 -21.4719 28.1842
-8.47188 -5.24718 33.8985
-7.66997 -35.3672 -6.21631
11.2386 24.4617 -17.8679
-16.9349 -30.4091 -13.0935
0.362643 -2.1608 34.5796
3.81429 26.1748 -19.5336
8.85184 24.1727 -20.1449
5.04411 28.5242 -15.4894
-11.0402 29.7306 -12.486
-1.64213 -8.55579 34.0787
-2.78357 -5.70818 34.6351
-15.5422 -30.5144 -14.525
0.944421 -20.2767 29.3833
-10.3657 28.7235 -15.279
-14.1426 -32.7621 -10.9247
-24.087 -24.9042 -14.9211
-20.3934 -26.9443 -16.5784
-3.90138 -31.091 19.186
-20.5067 -25.8633 -18.2573
-4.80355 32.8889 -4.759
-3.12156 -3.19411 35.1142
2.64379 27.534 -18.6488
5.62191 26.7651 -18.9136
-3.11458 -22.4853 28.4429
-9.20491 30.4372 -12.8496
-22.6924 -26.2471 -15.5298
-6.05788 -35.3533 10.2694
5.91779 27.8983 -17.1761
1.24136 -22.9288 28.031
-15.7885 -33.6634 -8.01979
-12.3865 27.0356 -18.1545
1.05934 27.3892 -19.8607
3.46078 30.7707 -12.942
-17.0452 -33.5358 -6.46913
-24.8064 -26.1332 -13.5167
7.01585 28.8458 -15.3949
-10.7092 28.0965 -17.906
-4.28584 -29.7996 21.6612
-0.924371 -23.3032 28.2014
-14.7614 -34.7067 -6.65715
-14.5973 30.0167 -11.2337
-0.882322 -4.24495 35.5026
-14.7775 -32.7666 -13.2505
-8.60755 -3.71187 35.2074
-12.9929 -33.6242 -12.968
-6.65451 -3.96568 35.5558
-6.65969 33.5536 -4.4226
-14.2514 -34.7067 -8.76059
2.59038 16.6606 -30.3287
-2.09467 -1.45276 35.9123
-2.20669 -31.3891 20.5308
-18.6469 -31.4416 -13.1453
-19.2161 -30.4422 -14.7815
-16.4862 28.5094 -13.7648
-15.0682 -32.3139 -15.2581
-12.5996 -35.439 -9.61818
-1.07415 -30.6123 21.9847
-2.98748 -32.8567 18.9682
-0.495552 -22.2807 29.9745
-6.08698 -37.0558 9.22032
8.91741 28.2841 -15.657
8.68122 27.4738 -17.4701
11.2151 24.2302 -20.6693
8.28314 24.6764 -21.9951
-20.5862 -30.9552 -13.1961
-4.03475 -1.1717 36.3086
-20.95 -29.7017 -15.4489
-9.27116 -5.60569 35.6965
-16.5661 29.9592 -10.8867
-15.0453 31.0595 -9.58686
1.55314 29.2043 -18.5059
-3.07557 -22.1908 30.4207
-4.14264 -37.2806 9.63159
-4.55619 -32.2327 20.692
-0.46548 27.7632 -21.0998
13.1172 24.1186 -20.0614
4.26799 29.8837 -16.7342
-5.51109 -30.3308 23.15
-11.3124 30.9423 -14.0537
-15.4101 -32.0124 -17.2055
-13.1403 -35.3307 -11.9354
-19.5122 -32.7726 -11.9287
-7.93515 -37.2213 9.96669
-2.89082 -24.1316 29.5563
-10.2517 29.8792 -16.9072
-8.82291 -37.6705 8.23165
-8.43033 34.2275 -3.78162
-15.1704 -34.6795 -12.8184
-2.91946 -34.5516 17.9085
-4.62173 -21.5724 31.5285
11.6733 26.2831 -18.5706
-17.9746 -33.6895 -12.8205
-2.22133 28.6268 -20.6859
-14.4584 32.2626 -8.10084
-0.941962 -21.3681 31.6974
-16.1103 30.2729 -12.8087
-1.32508 -33.1828 20.4549
-15.1324 -31.8184 -19.1766
-16.7478 31.4393 -8.60859
-6.71675 -5.39272 36.9557
-5.29402 -37.753 11.1972
-16.1192 -35.4459 -11.2334
-16.5709 -33.6227 -15.4284
1.65578 16.4342 -32.0823
-19.6412 -32.9005 -14.0851
-12.3747 29.1182 -18.333
-18.0393 29.746 -12.8428
-2.60655 27.9092 -22.5125
13.5624 23.4551 -21.895
-21.7803 -32.4351 -12.5761
10.1473 27.2723 -19.403
-10.2386 34.7181 -3.08184
0.278183 29.5037 -20.4537
8.0076 29.294 -17.953
-9.5528 -37.4246 11.1251
-8.82806 31.2711 -17.0969
-11.0174 34.9326 -1.25224
-0.142901 -4.85164 37.2591
-4.51862 -23.7563 30.656
-14.9841 31.8691 -12.3797
0.0983999 17.6129 -32.5132
0.301164 -31.6987 22.9481
8.86838 30.1694 -16.3742
-11.5118 -37.319 10.7364
0.212533 -24.0878 30.4572
0.400917 -33.0487 21.4565
-20.0351 29.6251 -12.8927
-22.127 -30.6343 -16.7699
3.52292 16.5332 -32.7923
-3.74071 29.6682 -21.465
-21.8681 28.8281 -12.9643
0.781232 -25.6452 29.3385
-1.60381 -31.7976 23.5494
0.989549 19.2317 -31.748
-14.2939 31.887 -14.2567
-2.75239 -21.7148 32.4734
-14.4947 -36.781 -11.686
-11.39 29.9347 -19.8704
1.80458 -5.17294 37.5819
8.87917 28.8118 -19.6874
-11.1689 31.1522 -18.1475
-13.2568 -36.6127 -13.4661
-15.4085 33.8868 -7.42305
-16.3005 33.1866 -9.47291
-5.58806 -33.94 20.8352
-15.709 -34.3154 -17.0949
-16.841 32.3482 -11.812
-21.6052 30.2447 -11.5772
10.0684 29.6117 -18.2924
-21.0052 -32.2496 -16.4062
-3.54313 -32.2761 23.4478
-18.7599 31.8622 -11.5262
-0.622658 30.0963 -22.1382
3.07631 18.4826 -32.8104
-0.494799 31.3484 -20.4465
-14.1005 32.1074 -16.2352
-17.4353 -35.4508 -13.5997
-14.1821 -37.8429 -10.0202
-9.59443 36.5002 -3.72141
-3.9336 -25.772 30.0274
-7.53586 -4.00944 38.1456
2.60493 -3.38549 37.9876
0.380366 -22.7853 32.1905
-3.51181 -36.4301 17.5614
-16.551 -37.2082 -10.3921
-4.4525 -35.6948 19.166
-7.85531 -2.06958 38.513
-3.3168 31.4576 -20.6784
-19.6416 -33.7118 -16.355
-9.10951 -5.23487 38.2938
-2.84955 29.4284 -23.7905
-23.4013 -31.8872 -15.8718
-7.32901 -6.56824 38.4535
-13.0863 -38.1584 -12.0313
9.55778 31.8152 -15.4708
-9.33876 -39.2968 10.455
2.05565 -22.0996 33.0409
-9.15546 -38.8236 12.4982
-22.4948 31.0872 -9.9964
-4.34214 -34.2875 22.3607
11.1898 31.7039 -14.3199
10.8566 28.3728 -20.9149
-12.0678 36.573 -1.7058
-7.84348 -8.50103 38.463
-24.8021 -30.8429 -16.8451
-21.2163 30.6138 -14.1685
-13.0993 30.7776 -20.4771
7.88535 29.808 -21.1087
4.36042 -4.22191 38.4555
4.32879 -6.21967 38.3649
-3.13823 28.6592 -25.614
-3.49674 -32.1102 25.4404
-0.221239 -26.3077 30.9374
-21.3106 -32.4795 -18.3694
-6.70548 -34.5456 22.3795
5.73999 -7.61707 38.1287
0.319643 -27.911 29.8712
-15.9052 34.2955 -11.0898
1.22003 32.2828 -20.0144
5.9904 -9.5842 37.868
-0.570385 -24.4419 32.7838
4.85215 16.9767 -34.2193
-26.3223 -29.7752 -17.5859
-16.4163 33.575 -13.3334
-5.12307 -26.988 31.0794
-9.60182 -3.72649 39.5115
-11.8638 33.0069 -17.8688
-5.11507 32.2357 -21.0796
-14.6102 31.5616 -19.4272
-16.1891 35.4284 -8.43008
-23.0738 30.8048 -13.4521
1.30506 -29.2626 28.7747
-14.5955 30.3623 -21.7377
-22.1215 32.1753 -11.6576
-12.1032 37.7324 -0.0764673
-5.03926 -37.4536 18.3485
-25.0838 -30.1597 -19.1086
-2.68294 -35.3803 22.1306
0.748275 31.4604 -22.6482
-17.7037 35.5711 -7.13165
-5.21894 -25.5552 32.4715
-11.0718 -5.08166 39.5656
-23.1207 -31.8527 -18.9444
-12.6353 37.76 1.85128
1.94886 -27.2831 30.8466
-13.6556 34.0451 -16.4533
11.0865 31.3306 -18.3865
3.23802 17.8533 -35.0106
-16.7966 -38.9701 -9.47795
-4.96911 -36.4178 20.9578
4.31606 -9.77481 38.9452
12.9278 32.6624 -14.0737
2.53959 32.3927 -21.5133
1.98373 -30.841 27.7509
-14.9485 -39.6755 -9.77301
-13.7082 30.1908 -23.5219
1.02731 -23.4353 34.1172
-19.0858 35.7721 -5.70008
-21.0009 32.0745 -15.5176
-1.07021 -35.0871 23.2766
3.23259 -29.2891 29.3076
10.2111 29.808 -22.1491
-21.6541 33.7343 -10.4953
-15.654 34.1019 -16.3969
-15.4054 33.3689 -18.2411
-7.14137 -26.0823 32.6348
-13.0596 35.5067 -15.2251
-4.46356 32.6706 -22.9198
-8.36166 -7.83314 40.2756
6.29442 18.269 -34.7193
-9.01261 -26.5674 32.1218
-23.4238 -33.2558 -17.5518
-3.2831 -32.2215 27.4259
-3.70009 -25.2284 33.731
-3.8018 -34.0868 25.4303
-17.0725 32.5815 -19.0164
7.57597 31.7105 -21.6422
-3.75964 -26.9149 32.619
-15.8259 31.8608 -21.247
-6.19613 33.9035 -21.3035
1.95271 17.364 -36.4627
-24.8978 31.6138 -13.589
-21.3786 31.9347 -17.4767
-22.3295 -32.3802 -20.7039
-13.1847 32.0305 -22.9378
3.90763 -27.6262 31.0601
-5.73812 32.2797 -24.4107
-14.4487 -40.8192 -8.21023
-16.7964 37.0823 -9.37675
-13.164 33.2736 -21.3711
-24.3564 -31.5207 -20.4817
-7.79371 -24.814 34.037
-20.6422 35.4588 -10.4463
-8.74764 -40.7697 12.7137
-3.46634 -38.6237 18.7445
12.1044 29.7474 -22.7907
-1.89051 -34.6009 25.1426
-5.22042 -32.5167 27.8255
13.5674 28.5279 -23.4011
2.74513 -24.4581 34.1768
-21.8255 33.6045 -14.5282
-17.8189 31.9985 -21.3431
-5.80461 -36.4843 22.7738
15.2405 27.4685 -23.682
-18.4846 -39.4819 -10.4208
-3.11993 32.8849 -24.3857
-10.7331 -40.7833 12.9548
10.5796 29.9077 -24.1123
-7.77515 -40.698 14.4599
-0.47082 -23.6567 35.4236
-6.08685 -24.562 35.0486
-3.25694 -38.1864 20.6849
3.41407 -26.8562 32.8388
0.98053 -28.6181 31.9781
1.19444 -30.6034 30.2545
-6.95334 -28.0591 32.8735
-10.6128 -27.4978 32.8793
14.2549 33.9921 -13.3877
-11.1774 -41.8426 11.3176
-17.0111 37.8677 -7.54996
-1.78753 -33.0683 28.4487
-23.4213 34.2377 -11.285
15.7718 33.0059 -14.2402
-5.676 -38.1713 21.6103
-14.3364 35.8798 -16.8661
-18.9127 37.5431 -7.02209
-19.9806 35.852 -12.2923
-8.87019 -42.265 11.3911
2.98022 -31.86 29.1541
-0.178473 -35.25 25.9474
13.6878 30.336 -21.7199
10.1728 31.8064 -22.221
2.18267 34.1905 -22.3136
1.75377 -34.7965 26.1942
-6.21049 35.7513 -20.5384
12.1873 31.6317 -21.4553
-3.86226 34.5779 -22.8944
3.44888 -29.5383 31.4251
-2.33353 -34.5382 27.2071
1.56719 16.6522 -38.2916
-9.04651 -27.0667 34.0582
-20.8753 37.2703 -6.75004
-8.24072 -7.91411 42.2703
14.3733 31.5036 -20.2478
-20.416 -39.8282 -10.0336
-6.79117 -9.2919 42.2453
15.2935 34.9402 -11.9655
-5.65878 -36.691 24.7577
-15.9173 35.1843 -18.9062
-15.3682 33.3616 -22.4872
15.4485 33.3791 -16.1783
-3.55933 -26.8867 34.8402
-21.2715 33.1003 -19.0984
-12.0184 34.7623 -22.0578
13.5428 35.8336 -13.069
17.7603 33.1956 -14.1392
-6.86871 -39.2706 20.4402
5.05688 -28.59 32.3831
-11.6701 -26.6426 34.3458
-7.18857 -6.38489 43.015
2.80748 -26.3026 34.9475
-19.8145 -39.8662 -11.9407
-15.7086 37.0348 -15.9811
-22.6282 33.4882 -17.6354
17.163 28.0171 -23.7379
3.35884 -35.7911 25.5349
17.244 34.5071 -12.0563
1.96456 -24.9599 36.1669
-13.5515 35.42 -20.9546
-19.6495 34.2096 -19.4712
-22.2943 -39.3289 -10.5055
10.1067 31.8389 -24.3301
-4.16424 -35.3332 27.3367
-2.81255 -38.7155 22.5618
9.13443 33.4766 -22.5849
-8.99379 -5.57451 43.3056
-8.85544 -41.8975 15.6407
-23.4285 34.6479 -15.1131
-3.17106 -36.5505 26.099
-5.88003 -25.0042 36.9882
-6.45773 -28.1586 34.8086
-3.72571 33.4396 -26.2093
-11.6879 -43.3831 10.1486
-4.42582 -34.4514 29.1127
-19.1326 37.461 -13.1243
-24.233 -38.9587 -10.1816
-23.2861 36.2258 -11.4571
-5.29851 37.4773 -20.1033
0.00263596 16.9057 -39.5115
-0.00531197 -35.2528 27.9399
-10.1732 -44.0785 9.04284
14.0518 29.9763 -24.6925
-5.25112 -9.65477 43.4687
-18.1187 33.7478 -22.2651
-7.08818 36.4515 -22.1935
-7.65256 -43.8492 11.4798
16.0805 34.9371 -14.6589
-18.3777 -41.1805 -12.3971
-10.5338 36.082 -22.291
-19.8882 37.0621 -14.9327
18.5623 33.0667 -15.9669
16.591 36.1924 -11.1002
-2.63282 -33.7897 30.1116
-5.23472 -26.7881 36.3543
-6.38859 -11.2925 43.3135
0.816611 -34.2853 29.4855
-16.5417 -41.8511 -12.821
-12.0154 -43.3569 12.32
-2.8448 32.8652 -27.9105
-1.97648 34.388 -26.0072
0.498688 18.8059 -39.1331
12.0533 32.2453 -24.1168
-0.139348 20.5563 -38.4057
-14.6574 -42.4348 -13.1508
-10.0685 35.5438 -24.1602
2.24663 19.6913 -38.7319
2.86697 17.9882 -39.5774
15.3179 35.3058 -16.699
-4.87818 -29.3675 34.5992
-6.47816 -43.8629 13.0986
-5.22803 -39.9981 22.29
2.16009 -35.3079 28.4134
-20.3482 36.6897 -16.8432
